<?xml version="1.0" encoding="UTF-8"?>
<!-- Generated by org.testng.reporters.JUnitXMLReporter -->
<testsuite ignored="0" hostname="Deepak" failures="0" tests="7" name="End to End Tests" time="117.763" errors="0" timestamp="2026-05-13T17:33:52 IST">
  <testcase classname="tests.TestRun" name="testLogin" time="7.611"/>
  <testcase classname="tests.TestRun" name="testDashboard" time="3.222"/>
  <testcase classname="tests.TestRun" name="testAddEmployee" time="22.717"/>
  <testcase classname="tests.TestRun" name="testAddEmployee" time="24.313"/>
  <testcase classname="tests.TestRun" name="testAddEmployee" time="22.83"/>
  <testcase classname="tests.TestRun" name="testSearchEmployee" time="17.605"/>
  <testcase classname="tests.TestRun" name="testLogout" time="8.583"/>
</testsuite> <!-- End to End Tests -->
