<?xml version="1.0" encoding="UTF-8"?>
<testng-results ignored="0" total="7" passed="7" failed="0" skipped="0">
  <reporter-output>
  </reporter-output>
  <suite started-at="2026-05-13T17:31:54 IST" name="OrangeHRM Test Suite" finished-at="2026-05-13T17:33:52 IST" duration-ms="117763">
    <groups>
    </groups>
    <test started-at="2026-05-13T17:31:54 IST" name="End to End Tests" finished-at="2026-05-13T17:33:52 IST" duration-ms="117763">
      <class name="tests.TestRun">
        <test-method is-config="true" signature="setup()[pri:0, instance:tests.TestRun@f5958c9]" started-at="2026-05-13T17:31:54 IST" name="setup" finished-at="2026-05-13T17:32:03 IST" duration-ms="8928" status="PASS">
          <reporter-output>
          </reporter-output>
        </test-method> <!-- setup -->
        <test-method signature="testLogin()[pri:1, instance:tests.TestRun@f5958c9]" started-at="2026-05-13T17:32:03 IST" name="testLogin" description="Login to OrangeHRM" finished-at="2026-05-13T17:32:10 IST" duration-ms="7611" status="PASS">
          <reporter-output>
          </reporter-output>
        </test-method> <!-- testLogin -->
        <test-method signature="testDashboard()[pri:2, instance:tests.TestRun@f5958c9]" started-at="2026-05-13T17:32:10 IST" name="testDashboard" description="Verify Dashboard is displayed" finished-at="2026-05-13T17:32:14 IST" duration-ms="3222" status="PASS">
          <reporter-output>
          </reporter-output>
        </test-method> <!-- testDashboard -->
        <test-method signature="testAddEmployee(java.lang.String,java.lang.String,java.lang.String,java.lang.String)[pri:3, instance:tests.TestRun@f5958c9]" started-at="2026-05-13T17:32:15 IST" name="testAddEmployee" description="Add multiple employees from Excel" data-provider="employeeData" finished-at="2026-05-13T17:32:38 IST" duration-ms="22717" status="PASS">
          <params>
            <param index="0">
              <value>
                <![CDATA[Deepak]]>
              </value>
            </param>
            <param index="1">
              <value>
                <![CDATA[Sekar]]>
              </value>
            </param>
            <param index="2">
              <value>
                <![CDATA[Admin]]>
              </value>
            </param>
            <param index="3">
              <value>
                <![CDATA[admin123]]>
              </value>
            </param>
          </params>
          <reporter-output>
          </reporter-output>
        </test-method> <!-- testAddEmployee -->
        <test-method signature="testAddEmployee(java.lang.String,java.lang.String,java.lang.String,java.lang.String)[pri:3, instance:tests.TestRun@f5958c9]" started-at="2026-05-13T17:32:38 IST" name="testAddEmployee" description="Add multiple employees from Excel" data-provider="employeeData" finished-at="2026-05-13T17:33:02 IST" duration-ms="24313" status="PASS">
          <params>
            <param index="0">
              <value>
                <![CDATA[Ravi]]>
              </value>
            </param>
            <param index="1">
              <value>
                <![CDATA[Kumar]]>
              </value>
            </param>
            <param index="2">
              <value>
                <![CDATA[Admin]]>
              </value>
            </param>
            <param index="3">
              <value>
                <![CDATA[admin123]]>
              </value>
            </param>
          </params>
          <reporter-output>
          </reporter-output>
        </test-method> <!-- testAddEmployee -->
        <test-method signature="testAddEmployee(java.lang.String,java.lang.String,java.lang.String,java.lang.String)[pri:3, instance:tests.TestRun@f5958c9]" started-at="2026-05-13T17:33:02 IST" name="testAddEmployee" description="Add multiple employees from Excel" data-provider="employeeData" finished-at="2026-05-13T17:33:25 IST" duration-ms="22830" status="PASS">
          <params>
            <param index="0">
              <value>
                <![CDATA[Priya]]>
              </value>
            </param>
            <param index="1">
              <value>
                <![CDATA[Sharma]]>
              </value>
            </param>
            <param index="2">
              <value>
                <![CDATA[Admin]]>
              </value>
            </param>
            <param index="3">
              <value>
                <![CDATA[admin123]]>
              </value>
            </param>
          </params>
          <reporter-output>
          </reporter-output>
        </test-method> <!-- testAddEmployee -->
        <test-method signature="testSearchEmployee()[pri:4, instance:tests.TestRun@f5958c9]" started-at="2026-05-13T17:33:25 IST" name="testSearchEmployee" description="Search and verify added employee" finished-at="2026-05-13T17:33:43 IST" duration-ms="17605" status="PASS">
          <reporter-output>
          </reporter-output>
        </test-method> <!-- testSearchEmployee -->
        <test-method signature="testLogout()[pri:5, instance:tests.TestRun@f5958c9]" started-at="2026-05-13T17:33:43 IST" name="testLogout" description="Logout from OrangeHRM" finished-at="2026-05-13T17:33:51 IST" duration-ms="8583" status="PASS">
          <reporter-output>
          </reporter-output>
        </test-method> <!-- testLogout -->
        <test-method is-config="true" signature="tearDown()[pri:0, instance:tests.TestRun@f5958c9]" started-at="2026-05-13T17:33:51 IST" name="tearDown" finished-at="2026-05-13T17:33:52 IST" duration-ms="254" status="PASS">
          <reporter-output>
          </reporter-output>
        </test-method> <!-- tearDown -->
      </class> <!-- tests.TestRun -->
    </test> <!-- End to End Tests -->
  </suite> <!-- OrangeHRM Test Suite -->
</testng-results>
