<?xml version="1.0" encoding="UTF-8"?>
<!-- Generated by org.testng.reporters.JUnitReportReporter -->
<testsuite hostname="Deepak" failures="0" tests="7" name="tests.TestRun" time="106.881" errors="0" timestamp="2026-05-13T17:33:52 IST" skipped="0">
  <testcase classname="tests.TestRun" name="testLogin" time="7.611"/>
  <testcase classname="tests.TestRun" name="testDashboard" time="3.222"/>
  <testcase classname="tests.TestRun" name="testAddEmployee" time="22.830"/>
  <testcase classname="tests.TestRun" name="testAddEmployee" time="22.717"/>
  <testcase classname="tests.TestRun" name="testAddEmployee" time="24.313"/>
  <testcase classname="tests.TestRun" name="testSearchEmployee" time="17.605"/>
  <testcase classname="tests.TestRun" name="testLogout" time="8.583"/>
</testsuite> <!-- tests.TestRun -->
